PRT1
75
210
4 0 2 (2096 1024 688 ) (2048 1024 688 ) (2048 1024 -2032 ) (2096 1024 -2032 ) 
4 0 1 (2048 1024 -2032 ) (2048 1024 688 ) (2048 1136 688 ) (2048 1136 -2032 ) 
4 1 4 (1024 1024 -2032 ) (1024 1024 688 ) (1024 1136 688 ) (1024 1136 -2032 ) 
4 1 3 (2048 1024 -2032 ) (2048 1024 688 ) (1024 1024 688 ) (1024 1024 -2032 ) 
4 2 24 (2096 0 688 ) (2048 0 688 ) (2048 0 -2032 ) (2096 0 -2032 ) 
4 2 3 (2048 1024 688 ) (2048 1024 -2032 ) (2048 0 -2032 ) (2048 0 688 ) 
4 3 25 (2048 0 -2032 ) (2048 0 688 ) (1024 0 688 ) (1024 0 -2032 ) 
4 3 13 (1024 0 -2032 ) (1024 0 64 ) (1024 1024 64 ) (1024 1024 -2032 ) 
4 3 11 (1024 0 64 ) (1024 0 320 ) (1024 416 320 ) (1024 416 64 ) 
4 3 9 (1024 0 320 ) (1024 0 688 ) (1024 416 688 ) (1024 416 320 ) 
4 3 7 (1024 1024 352 ) (1024 1024 64 ) (1024 416 64 ) (1024 416 352 ) 
4 3 6 (1024 416 688 ) (1024 1024 688 ) (1024 1024 352 ) (1024 416 352 ) 
4 4 13 (1024 1024 -2032 ) (1024 1024 64 ) (0 1024 64 ) (0 1024 -2032 ) 
4 4 8 (864 1024 352 ) (0 1024 352 ) (0 1024 64 ) (864 1024 64 ) 
4 4 7 (1024 1024 64 ) (1024 1024 352 ) (864 1024 352 ) (864 1024 64 ) 
4 4 6 (1024 1024 352 ) (1024 1024 688 ) (0 1024 688 ) (0 1024 352 ) 
4 4 5 (0 1136 -2032 ) (0 1024 -2032 ) (0 1024 688 ) (0 1136 688 ) 
4 5 22 (-1024 1024 -2032 ) (-1024 1024 688 ) (-1024 1136 688 ) (-1024 1136 -2032 ) 
4 5 21 (-1024 1024 64 ) (-1024 1024 -2032 ) (0 1024 -2032 ) (0 1024 64 ) 
4 5 19 (-512 1024 64 ) (-480 1024 64 ) (-480 1024 352 ) (-512 1024 352 ) 
4 5 20 (-1024 1024 352 ) (-1024 1024 64 ) (-512 1024 64 ) (-512 1024 352 ) 
4 5 18 (-1024 1024 688 ) (-1024 1024 352 ) (-480 1024 352 ) (-480 1024 688 ) 
4 5 14 (-480 1024 64 ) (0 1024 64 ) (0 1024 688 ) (-480 1024 688 ) 
4 6 15 (0 448 352 ) (0 416 352 ) (0 416 688 ) (0 448 688 ) 
4 6 14 (0 1024 688 ) (0 1024 352 ) (0 448 352 ) (0 448 688 ) 
4 6 10 (0 416 688 ) (0 416 352 ) (864 416 352 ) (864 416 688 ) 
4 6 9 (864 416 352 ) (1024 416 352 ) (1024 416 688 ) (864 416 688 ) 
4 6 8 (0 448 352 ) (0 1024 352 ) (864 1024 352 ) (864 448 352 ) 
4 6 7 (1024 416 352 ) (864 416 352 ) (864 1024 352 ) (1024 1024 352 ) 
4 7 13 (864 1024 64 ) (1024 1024 64 ) (1024 416 64 ) (864 416 64 ) 
4 7 11 (864 416 64 ) (1024 416 64 ) (1024 416 320 ) (864 416 320 ) 
4 7 9 (1024 416 320 ) (1024 416 352 ) (864 416 352 ) (864 416 320 ) 
4 7 8 (864 1024 64 ) (864 448 64 ) (864 448 352 ) (864 1024 352 ) 
4 8 14 (0 1024 352 ) (0 1024 64 ) (0 448 64 ) (0 448 352 ) 
4 8 13 (0 1024 64 ) (864 1024 64 ) (864 448 64 ) (0 448 64 ) 
4 9 31 (1024 0 320 ) (1024 0 352 ) (864 0 352 ) (864 0 320 ) 
4 9 30 (1024 0 352 ) (1024 0 688 ) (864 0 688 ) (864 0 352 ) 
4 9 11 (864 416 320 ) (1024 416 320 ) (1024 0 320 ) (864 0 320 ) 
4 9 10 (864 0 352 ) (864 0 688 ) (864 416 688 ) (864 416 352 ) 
4 10 30 (864 0 688 ) (0 0 688 ) (0 0 352 ) (864 0 352 ) 
4 10 16 (0 0 352 ) (0 0 688 ) (0 416 688 ) (0 416 352 ) 
4 11 31 (1024 0 64 ) (1024 0 320 ) (864 0 320 ) (864 0 64 ) 
4 11 13 (1024 416 64 ) (1024 0 64 ) (864 0 64 ) (864 416 64 ) 
4 12 33 (848 0 320 ) (0 0 320 ) (0 0 80 ) (848 0 80 ) 
4 12 17 (0 0 80 ) (0 0 320 ) (0 416 320 ) (0 416 80 ) 
4 13 34 (848 0 64 ) (0 0 64 ) (0 0 -2032 ) (848 0 -2032 ) 
4 13 32 (864 0 64 ) (848 0 64 ) (848 0 -2032 ) (864 0 -2032 ) 
4 13 31 (1024 0 -2032 ) (1024 0 64 ) (864 0 64 ) (864 0 -2032 ) 
4 13 21 (0 1024 64 ) (0 1024 -2032 ) (0 0 -2032 ) (0 0 64 ) 
4 14 21 (-480 1024 64 ) (0 1024 64 ) (0 448 64 ) (-480 448 64 ) 
4 14 19 (-480 1024 352 ) (-480 1024 64 ) (-480 448 64 ) (-480 448 352 ) 
4 14 18 (-480 1024 688 ) (-480 1024 352 ) (-480 448 352 ) (-480 448 688 ) 
4 14 15 (0 448 688 ) (-480 448 688 ) (-480 448 352 ) (0 448 352 ) 
4 15 18 (-480 416 352 ) (-480 416 688 ) (-480 448 688 ) (-480 448 352 ) 
4 15 16 (-480 416 688 ) (-480 416 352 ) (0 416 352 ) (0 416 688 ) 
4 16 47 (0 0 352 ) (0 0 688 ) (-480 0 688 ) (-480 0 352 ) 
4 16 18 (-480 0 352 ) (-480 0 688 ) (-480 416 688 ) (-480 416 352 ) 
4 17 48 (0 0 80 ) (0 0 320 ) (-480 0 320 ) (-480 0 80 ) 
4 18 49 (-512 0 352 ) (-480 0 352 ) (-480 0 688 ) (-512 0 688 ) 
4 18 50 (-1024 0 688 ) (-1024 0 352 ) (-512 0 352 ) (-512 0 688 ) 
4 18 23 (-1024 0 352 ) (-1024 0 688 ) (-1024 1024 688 ) (-1024 1024 352 ) 
4 18 19 (-512 1024 352 ) (-480 1024 352 ) (-480 448 352 ) (-512 448 352 ) 
4 18 20 (-1024 0 352 ) (-1024 1024 352 ) (-512 1024 352 ) (-512 0 352 ) 
4 19 21 (-512 1024 64 ) (-480 1024 64 ) (-480 448 64 ) (-512 448 64 ) 
4 19 20 (-512 1024 64 ) (-512 448 64 ) (-512 448 352 ) (-512 1024 352 ) 
4 20 50 (-1024 0 352 ) (-1024 0 64 ) (-512 0 64 ) (-512 0 352 ) 
4 20 23 (-1024 0 64 ) (-1024 0 352 ) (-1024 1024 352 ) (-1024 1024 64 ) 
4 20 21 (-1024 0 64 ) (-1024 1024 64 ) (-512 1024 64 ) (-512 0 64 ) 
4 21 51 (0 0 -2032 ) (0 0 64 ) (-1024 0 64 ) (-1024 0 -2032 ) 
4 21 23 (-1024 0 -2032 ) (-1024 0 64 ) (-1024 1024 64 ) (-1024 1024 -2032 ) 
4 22 23 (-1024 1024 -2032 ) (-1024 1024 688 ) (-1392 1024 688 ) (-1392 1024 -2032 ) 
4 23 70 (-1024 0 -2032 ) (-1024 0 688 ) (-1392 0 688 ) (-1392 0 -2032 ) 
4 24 26 (2096 -1024 688 ) (2048 -1024 688 ) (2048 -1024 -2032 ) (2096 -1024 -2032 ) 
4 24 25 (2048 0 688 ) (2048 0 -2032 ) (2048 -1024 -2032 ) (2048 -1024 688 ) 
4 25 44 (1024 -496 -2032 ) (1024 -1024 -2032 ) (1024 -1024 80 ) (1024 -496 80 ) 
4 25 42 (1024 -480 -2032 ) (1024 -496 -2032 ) (1024 -496 80 ) (1024 -480 80 ) 
4 25 38 (1024 -1024 80 ) (1024 -1024 128 ) (1024 -496 128 ) (1024 -496 80 ) 
4 25 37 (1024 -1024 128 ) (1024 -1024 688 ) (1024 -496 688 ) (1024 -496 128 ) 
4 25 35 (1024 -496 688 ) (1024 -480 688 ) (1024 -480 80 ) (1024 -496 80 ) 
4 25 31 (1024 0 352 ) (1024 0 -2032 ) (1024 -480 -2032 ) (1024 -480 352 ) 
4 25 30 (1024 0 688 ) (1024 0 352 ) (1024 -480 352 ) (1024 -480 688 ) 
4 25 27 (2048 -1024 -2032 ) (2048 -1024 688 ) (1024 -1024 688 ) (1024 -1024 -2032 ) 
4 26 28 (2096 -2048 688 ) (2048 -2048 688 ) (2048 -2048 -2032 ) (2096 -2048 -2032 ) 
4 26 27 (2048 -1024 688 ) (2048 -1024 -2032 ) (2048 -2048 -2032 ) (2048 -2048 688 ) 
4 27 68 (1024 -2048 -2032 ) (1024 -2048 688 ) (1024 -1024 688 ) (1024 -1024 -2032 ) 
4 27 29 (2048 -2048 -2032 ) (2048 -2048 688 ) (1024 -2048 688 ) (1024 -2048 -2032 ) 
4 28 29 (2048 -2048 688 ) (2048 -2048 -2032 ) (2048 -2128 -2032 ) (2048 -2128 688 ) 
4 29 72 (1024 -2128 688 ) (1024 -2048 688 ) (1024 -2048 -2032 ) (1024 -2128 -2032 ) 
4 30 47 (0 0 688 ) (0 0 352 ) (0 -480 352 ) (0 -480 688 ) 
4 30 36 (864 -480 688 ) (0 -480 688 ) (0 -480 352 ) (864 -480 352 ) 
4 30 35 (1024 -480 352 ) (1024 -480 688 ) (864 -480 688 ) (864 -480 352 ) 
4 30 31 (1024 -480 352 ) (864 -480 352 ) (864 0 352 ) (1024 0 352 ) 
4 31 42 (1024 -480 -2032 ) (1024 -480 80 ) (864 -480 80 ) (864 -480 -2032 ) 
4 31 35 (1024 -480 80 ) (1024 -480 352 ) (864 -480 352 ) (864 -480 80 ) 
4 31 32 (864 0 -2032 ) (864 -480 -2032 ) (864 -480 64 ) (864 0 64 ) 
4 32 43 (848 -480 48 ) (848 -480 -2032 ) (864 -480 -2032 ) (864 -480 48 ) 
4 32 34 (848 -480 -2032 ) (848 -480 64 ) (848 0 64 ) (848 0 -2032 ) 
4 33 48 (0 0 320 ) (0 0 80 ) (0 -480 80 ) (0 -480 320 ) 
4 33 36 (848 -480 288 ) (848 -480 320 ) (0 -480 320 ) (0 -480 288 ) 
4 34 51 (0 0 64 ) (0 0 -2032 ) (0 -480 -2032 ) (0 -480 64 ) 
4 34 43 (848 -480 -2032 ) (848 -480 48 ) (0 -480 48 ) (0 -480 -2032 ) 
4 35 42 (864 -480 80 ) (1024 -480 80 ) (1024 -496 80 ) (864 -496 80 ) 
4 35 38 (864 -496 80 ) (1024 -496 80 ) (1024 -496 128 ) (864 -496 128 ) 
4 35 37 (1024 -496 128 ) (1024 -496 688 ) (864 -496 688 ) (864 -496 128 ) 
4 35 36 (864 -496 288 ) (864 -496 688 ) (864 -480 688 ) (864 -480 288 ) 
4 36 52 (0 -480 688 ) (0 -480 288 ) (0 -496 288 ) (0 -496 688 ) 
4 36 37 (864 -496 288 ) (864 -496 688 ) (0 -496 688 ) (0 -496 288 ) 
4 37 68 (1024 -1024 128 ) (1024 -1024 688 ) (0 -1024 688 ) (0 -1024 128 ) 
4 37 58 (0 -1024 128 ) (0 -1024 688 ) (0 -512 688 ) (0 -512 128 ) 
4 37 53 (0 -512 688 ) (0 -496 688 ) (0 -496 128 ) (0 -512 128 ) 
4 37 40 (0 -944 128 ) (0 -496 128 ) (848 -496 128 ) (848 -944 128 ) 
4 37 41 (0 -1024 128 ) (0 -960 128 ) (848 -960 128 ) (848 -1024 128 ) 
4 37 39 (864 -960 128 ) (864 -1024 128 ) (848 -1024 128 ) (848 -960 128 ) 
4 37 38 (864 -496 128 ) (1024 -496 128 ) (1024 -1024 128 ) (864 -1024 128 ) 
4 38 68 (1024 -1024 80 ) (1024 -1024 128 ) (864 -1024 128 ) (864 -1024 80 ) 
4 38 44 (864 -496 80 ) (1024 -496 80 ) (1024 -1024 80 ) (864 -1024 80 ) 
4 38 39 (864 -1024 128 ) (864 -960 128 ) (864 -960 80 ) (864 -1024 80 ) 
4 39 68 (864 -1024 128 ) (848 -1024 128 ) (848 -1024 80 ) (864 -1024 80 ) 
4 39 46 (864 -960 80 ) (864 -1024 80 ) (848 -1024 80 ) (848 -960 80 ) 
4 39 41 (848 -1024 128 ) (848 -960 128 ) (848 -960 80 ) (848 -1024 80 ) 
4 40 59 (0 -944 128 ) (0 -512 128 ) (0 -512 80 ) (0 -944 80 ) 
4 40 53 (0 -512 128 ) (0 -496 128 ) (0 -496 80 ) (0 -512 80 ) 
4 41 68 (848 -1024 128 ) (0 -1024 128 ) (0 -1024 80 ) (848 -1024 80 ) 
4 41 60 (0 -1024 80 ) (0 -1024 128 ) (0 -960 128 ) (0 -960 80 ) 
4 41 46 (0 -1024 80 ) (0 -960 80 ) (848 -960 80 ) (848 -1024 80 ) 
4 42 44 (1024 -496 -2032 ) (1024 -496 80 ) (864 -496 80 ) (864 -496 -2032 ) 
4 42 43 (864 -480 -2032 ) (864 -496 -2032 ) (864 -496 48 ) (864 -480 48 ) 
4 43 67 (0 -496 -2032 ) (0 -496 48 ) (0 -480 48 ) (0 -480 -2032 ) 
4 43 45 (0 -496 48 ) (0 -496 -2032 ) (864 -496 -2032 ) (864 -496 48 ) 
4 44 68 (1024 -1024 -2032 ) (1024 -1024 80 ) (864 -1024 80 ) (864 -1024 -2032 ) 
4 44 45 (864 -496 64 ) (864 -496 -2032 ) (864 -960 -2032 ) (864 -960 64 ) 
4 44 46 (864 -960 -2032 ) (864 -1024 -2032 ) (864 -1024 80 ) (864 -960 80 ) 
4 45 67 (0 -496 48 ) (0 -496 -2032 ) (0 -960 -2032 ) (0 -960 48 ) 
4 45 63 (0 -496 64 ) (0 -496 48 ) (0 -960 48 ) (0 -960 64 ) 
4 45 46 (0 -960 -2032 ) (864 -960 -2032 ) (864 -960 64 ) (0 -960 64 ) 
4 46 68 (864 -1024 80 ) (0 -1024 80 ) (0 -1024 -2032 ) (864 -1024 -2032 ) 
4 46 67 (0 -1024 -2032 ) (0 -1024 48 ) (0 -960 48 ) (0 -960 -2032 ) 
4 46 65 (0 -1024 48 ) (0 -1024 80 ) (0 -960 80 ) (0 -960 48 ) 
4 47 56 (-224 -480 688 ) (-480 -480 688 ) (-480 -480 352 ) (-224 -480 352 ) 
4 47 54 (-112 -480 688 ) (-224 -480 688 ) (-224 -480 352 ) (-112 -480 352 ) 
4 47 52 (0 -480 352 ) (0 -480 688 ) (-112 -480 688 ) (-112 -480 352 ) 
4 47 49 (-480 -480 352 ) (-480 -480 688 ) (-480 0 688 ) (-480 0 352 ) 
4 48 54 (-112 -480 320 ) (-224 -480 320 ) (-224 -480 256 ) (-112 -480 256 ) 
4 48 55 (-224 -480 200 ) (-224 -480 80 ) (-112 -480 80 ) (-112 -480 200 ) 
4 48 52 (0 -480 288 ) (0 -480 320 ) (-112 -480 320 ) (-112 -480 288 ) 
4 49 56 (-480 -480 352 ) (-480 -480 688 ) (-512 -480 688 ) (-512 -480 352 ) 
4 49 50 (-512 -480 352 ) (-512 -480 688 ) (-512 0 688 ) (-512 0 352 ) 
4 50 70 (-1024 0 688 ) (-1024 0 64 ) (-1024 -480 64 ) (-1024 -480 688 ) 
4 50 66 (-1024 -480 80 ) (-1024 -480 64 ) (-512 -480 64 ) (-512 -480 80 ) 
4 50 57 (-1024 -480 352 ) (-1024 -480 80 ) (-512 -480 80 ) (-512 -480 352 ) 
4 50 56 (-1024 -480 688 ) (-1024 -480 352 ) (-512 -480 352 ) (-512 -480 688 ) 
4 50 51 (-512 -480 64 ) (-1024 -480 64 ) (-1024 0 64 ) (-512 0 64 ) 
4 51 70 (-1024 0 64 ) (-1024 0 -2032 ) (-1024 -480 -2032 ) (-1024 -480 64 ) 
4 51 67 (0 -480 -2032 ) (0 -480 48 ) (-1024 -480 48 ) (-1024 -480 -2032 ) 
4 51 64 (-112 -480 64 ) (-512 -480 64 ) (-512 -480 48 ) (-112 -480 48 ) 
4 51 66 (-512 -480 64 ) (-1024 -480 64 ) (-1024 -480 48 ) (-512 -480 48 ) 
4 52 54 (-112 -480 688 ) (-112 -480 288 ) (-112 -496 288 ) (-112 -496 688 ) 
4 52 53 (0 -496 688 ) (-112 -496 688 ) (-112 -496 288 ) (0 -496 288 ) 
4 53 59 (-112 -512 80 ) (0 -512 80 ) (0 -512 128 ) (-112 -512 128 ) 
4 53 58 (0 -512 128 ) (0 -512 688 ) (-112 -512 688 ) (-112 -512 128 ) 
4 53 54 (-112 -512 256 ) (-112 -512 688 ) (-112 -496 688 ) (-112 -496 256 ) 
4 53 55 (-112 -496 80 ) (-112 -512 80 ) (-112 -512 200 ) (-112 -496 200 ) 
4 54 58 (-112 -512 256 ) (-112 -512 688 ) (-224 -512 688 ) (-224 -512 256 ) 
4 54 56 (-224 -480 688 ) (-224 -480 352 ) (-224 -512 352 ) (-224 -512 688 ) 
4 55 59 (-224 -512 80 ) (-112 -512 80 ) (-112 -512 128 ) (-224 -512 128 ) 
4 55 58 (-112 -512 128 ) (-112 -512 200 ) (-224 -512 200 ) (-224 -512 128 ) 
4 56 70 (-1024 -480 688 ) (-1024 -480 352 ) (-1024 -512 352 ) (-1024 -512 688 ) 
4 56 58 (-224 -512 352 ) (-224 -512 688 ) (-1024 -512 688 ) (-1024 -512 352 ) 
4 56 57 (-1024 -480 352 ) (-512 -480 352 ) (-512 -512 352 ) (-1024 -512 352 ) 
4 57 70 (-1024 -480 352 ) (-1024 -480 80 ) (-1024 -512 80 ) (-1024 -512 352 ) 
4 57 66 (-1024 -512 80 ) (-1024 -480 80 ) (-512 -480 80 ) (-512 -512 80 ) 
4 57 62 (-1024 -512 80 ) (-512 -512 80 ) (-512 -512 128 ) (-1024 -512 128 ) 
4 57 58 (-512 -512 128 ) (-512 -512 352 ) (-1024 -512 352 ) (-1024 -512 128 ) 
4 58 70 (-1024 -1024 128 ) (-1024 -1024 688 ) (-1024 -512 688 ) (-1024 -512 128 ) 
4 58 69 (0 -1024 128 ) (0 -1024 688 ) (-1024 -1024 688 ) (-1024 -1024 128 ) 
4 58 61 (-496 -1024 128 ) (-512 -1024 128 ) (-512 -960 128 ) (-496 -960 128 ) 
4 58 62 (-512 -1024 128 ) (-1024 -1024 128 ) (-1024 -512 128 ) (-512 -512 128 ) 
4 58 59 (-496 -944 128 ) (-496 -512 128 ) (0 -512 128 ) (0 -944 128 ) 
4 58 60 (0 -1024 128 ) (-496 -1024 128 ) (-496 -960 128 ) (0 -960 128 ) 
4 60 69 (0 -1024 80 ) (0 -1024 128 ) (-496 -1024 128 ) (-496 -1024 80 ) 
4 60 65 (0 -1024 80 ) (-496 -1024 80 ) (-496 -960 80 ) (0 -960 80 ) 
4 60 61 (-496 -1024 128 ) (-496 -960 128 ) (-496 -960 80 ) (-496 -1024 80 ) 
4 61 69 (-496 -1024 128 ) (-512 -1024 128 ) (-512 -1024 80 ) (-496 -1024 80 ) 
4 61 65 (-496 -1024 80 ) (-512 -1024 80 ) (-512 -960 80 ) (-496 -960 80 ) 
4 61 62 (-512 -1024 128 ) (-512 -960 128 ) (-512 -960 80 ) (-512 -1024 80 ) 
4 62 70 (-1024 -1024 80 ) (-1024 -1024 128 ) (-1024 -512 128 ) (-1024 -512 80 ) 
4 62 69 (-512 -1024 128 ) (-1024 -1024 128 ) (-1024 -1024 80 ) (-512 -1024 80 ) 
4 62 66 (-512 -1024 80 ) (-1024 -1024 80 ) (-1024 -512 80 ) (-512 -512 80 ) 
4 63 67 (0 -496 48 ) (0 -960 48 ) (-112 -960 48 ) (-112 -496 48 ) 
4 63 64 (-112 -496 48 ) (-112 -960 48 ) (-112 -960 64 ) (-112 -496 64 ) 
4 63 65 (-112 -960 48 ) (0 -960 48 ) (0 -960 64 ) (-112 -960 64 ) 
4 64 67 (-512 -480 48 ) (-112 -480 48 ) (-112 -960 48 ) (-512 -960 48 ) 
4 64 66 (-512 -480 48 ) (-512 -960 48 ) (-512 -960 64 ) (-512 -480 64 ) 
4 64 65 (-512 -960 64 ) (-512 -960 48 ) (-112 -960 48 ) (-112 -960 64 ) 
4 65 69 (0 -1024 48 ) (0 -1024 80 ) (-512 -1024 80 ) (-512 -1024 48 ) 
4 65 67 (0 -960 48 ) (0 -1024 48 ) (-512 -1024 48 ) (-512 -960 48 ) 
4 65 66 (-512 -960 48 ) (-512 -1024 48 ) (-512 -1024 80 ) (-512 -960 80 ) 
4 66 70 (-1024 -1024 48 ) (-1024 -1024 80 ) (-1024 -480 80 ) (-1024 -480 48 ) 
4 66 69 (-512 -1024 80 ) (-1024 -1024 80 ) (-1024 -1024 48 ) (-512 -1024 48 ) 
4 66 67 (-1024 -480 48 ) (-512 -480 48 ) (-512 -1024 48 ) (-1024 -1024 48 ) 
4 67 70 (-1024 -1024 -2032 ) (-1024 -1024 48 ) (-1024 -480 48 ) (-1024 -480 -2032 ) 
4 67 69 (0 -1024 -2032 ) (0 -1024 48 ) (-1024 -1024 48 ) (-1024 -1024 -2032 ) 
4 68 72 (1024 -2048 -2032 ) (1024 -2048 688 ) (0 -2048 688 ) (0 -2048 -2032 ) 
4 68 69 (0 -1024 688 ) (0 -1024 -2032 ) (0 -2048 -2032 ) (0 -2048 688 ) 
4 69 73 (0 -2048 -2032 ) (0 -2048 688 ) (-1024 -2048 688 ) (-1024 -2048 -2032 ) 
4 69 71 (-1024 -2048 -2032 ) (-1024 -2048 688 ) (-1024 -1024 688 ) (-1024 -1024 -2032 ) 
4 70 71 (-1024 -1024 -2032 ) (-1024 -1024 688 ) (-1392 -1024 688 ) (-1392 -1024 -2032 ) 
4 71 74 (-1024 -2048 -2032 ) (-1024 -2048 688 ) (-1392 -2048 688 ) (-1392 -2048 -2032 ) 
4 72 73 (0 -2048 688 ) (0 -2048 -2032 ) (0 -2128 -2032 ) (0 -2128 688 ) 
4 73 74 (-1024 -2048 688 ) (-1024 -2048 -2032 ) (-1024 -2128 -2032 ) (-1024 -2128 688 ) 
