


materialPath: C:\Program Files (x86)\Steam\steamapps\common\Counter-Strike Source\cstrike\materials
Loading C:\Users\Usuario\Desktop\Nueva carpeta (4)\cs_unifranz.vmf
Could not locate 'GameData' key in c:\program files (x86)\steam\steamapps\common\counter-strike source\cstrike\gameinfo.txt
fixing up env_cubemap materials on brush sides...
0...1...2...3...4...5...6...7...8...9...100...1...2...3...4...5...6...7...8...9...10Processing areas...done (0)
Building Faces...done (0)
FixTjuncs...
PruneNodes...
WriteBSP...
done (0)
writing C:\Users\Usuario\Desktop\Nueva carpeta (4)\cs_unifranz.prt...Building visibility clusters...
done (0)
Creating default LDR cubemaps for env_cubemap using skybox materials:
   skybox/sky_day01_01*.vmt
 ! Run buildcubemaps in the engine to get the correct cube maps.
Creating default HDR cubemaps for env_cubemap using skybox materials:
   skybox/sky_day01_01*.vmt
 ! Run buildcubemaps in the engine to get the correct cube maps.
Finding displacement neighbors...
Finding lightmap sample positions...
Displacement Alpha : 0...1...2...3...4...5...6...7...8...9...10
Building Physics collision data...
done (0) (6681 bytes)
Placing detail props : 0...1...2...3...4...5...6...7...8...9...10
Compacting texture/material tables...
Reduced 21 texinfos to 17
Reduced 5 texdatas to 5 (108 bytes to 108)
Writing C:\Users\Usuario\Desktop\Nueva carpeta (4)\cs_unifranz.bsp
MSG_FILEWRITE - Filesystem was asked to write to 'C:\Users\Usuario\Desktop\Nueva carpeta (4)\cs_unifranz.bsp', but we don't own that location. Allowing.
Wrote ZIP buffer, estimated size 105889, actual size 105675
0 seconds elapsed



16 threads
reading c:\users\usuario\desktop\nueva carpeta (4)\cs_unifranz.bsp
reading c:\users\usuario\desktop\nueva carpeta (4)\cs_unifranz.prt
  75 portalclusters
 210 numportals
0...1...2...3...4...5...6...7...8...9...100...1...2...3...4...5...6...7...8...9...10Optimized: 0 visible clusters (0.00%)
Total clusters visible: 4851
Average clusters visible: 64
Building PAS...
Average clusters audible: 75
visdatasize:2110  compressed from 2400
writing c:\users\usuario\desktop\nueva carpeta (4)\cs_unifranz.bsp
MSG_FILEWRITE - Filesystem was asked to write to 'c:\users\usuario\desktop\nueva carpeta (4)\cs_unifranz.bsp', but we don't own that location. Allowing.
0 seconds elapsed



[Reading texlights from 'lights.rad']
[2 texlights parsed from 'lights.rad']

Loading c:\users\usuario\desktop\nueva carpeta (4)\cs_unifranz.bsp
209 faces
474574 square feet [68338688.00 square inches]
0 Displacements
0 Square Feet [0.00 Square Inches]
209 patches before subdivision
6491 patches after subdivision
5 direct lights
0...1...2...3...4...5...6...7...8...9...100...1...2...3...4...5...6...7...8...9...10transfers 274767, max 262
transfer lists:   2.1 megs
0...1...2...3...4...5...6...7...8...9...10	Bounce #1 added RGB(6400, 4004, 2587)
0...1...2...3...4...5...6...7...8...9...10	Bounce #2 added RGB(1301, 570, 254)
0...1...2...3...4...5...6...7...8...9...10	Bounce #3 added RGB(288, 84, 26)
0...1...2...3...4...5...6...7...8...9...10	Bounce #4 added RGB(63, 12, 3)
0...1...2...3...4...5...6...7...8...9...10	Bounce #5 added RGB(14, 2, 0)
0...1...2...3...4...5...6...7...8...9...10	Bounce #6 added RGB(3, 0, 0)
0...1...2...3...4...5...6...7...8...9...10	Bounce #7 added RGB(1, 0, 0)
Build Patch/Sample Hash Table(s).....Done<0.0010 sec>
0...1...2...3...4...5...6...7...8...9...10FinalLightFace Done
0 of 0 (0% of) surface lights went in leaf ambient cubes.
0...1...2...3...4...5...6...7...8...9...10Writing leaf ambient...done
Ready to Finish

Object names       Objects/Maxobjs  Memory / Maxmem  Fullness 
------------       ---------------  ---------------  -------- 
models                   1/1024           48/49152    ( 0.1%) 
brushes                 18/8192          216/98304    ( 0.2%) 
brushsides             108/65536         864/524288   ( 0.2%) 
planes                  98/65536        1960/1310720  ( 0.1%) 
vertexes               269/65536        3228/786432   ( 0.4%) 
nodes                  199/65536        6368/2097152  ( 0.3%) 
texinfos                17/12288        1224/884736   ( 0.1%) 
texdata                  5/2048          160/65536    ( 0.2%) 
dispinfos                0/0               0/0        ( 0.0%) 
disp_verts               0/0               0/0        ( 0.0%) 
disp_tris                0/0               0/0        ( 0.0%) 
disp_lmsamples           0/0               0/0        ( 0.0%) 
faces                  209/65536       11704/3670016  ( 0.3%) 
hdr faces                0/65536           0/3670016  ( 0.0%) 
origfaces               59/65536        3304/3670016  ( 0.1%) 
leaves                 201/65536        6432/2097152  ( 0.3%) 
leaffaces              221/65536         442/131072   ( 0.3%) 
leafbrushes            112/65536         224/131072   ( 0.2%) 
areas                    2/256            16/2048     ( 0.8%) 
surfedges             1142/512000       4568/2048000  ( 0.2%) 
edges                  613/256000       2452/1024000  ( 0.2%) 
LDR worldlights          5/8192          440/720896   ( 0.1%) 
HDR worldlights          0/8192            0/720896   ( 0.0%) 
leafwaterdata            0/32768           0/393216   ( 0.0%) 
waterstrips              4/32768          40/327680   ( 0.0%) 
waterverts               0/65536           0/786432   ( 0.0%) 
waterindices            54/65536         108/131072   ( 0.1%) 
cubemapsamples           0/1024            0/16384    ( 0.0%) 
overlays                 0/512             0/180224   ( 0.0%) 
LDR lightdata         [variable]      155904/0        ( 0.0%) 
HDR lightdata         [variable]           0/0        ( 0.0%) 
visdata               [variable]        2110/16777216 ( 0.0%) 
entdata               [variable]        1689/393216   ( 0.4%) 
LDR ambient table      201/65536         804/262144   ( 0.3%) 
HDR ambient table      201/65536         804/262144   ( 0.3%) 
LDR leaf ambient       708/65536       19824/1835008  ( 1.1%) 
HDR leaf ambient       201/65536        5628/1835008  ( 0.3%) 
occluders                0/0               0/0        ( 0.0%) 
occluder polygons        0/0               0/0        ( 0.0%) 
occluder vert ind        0/0               0/0        ( 0.0%) 
detail props          [variable]           1/12       ( 8.3%) 
static props          [variable]           1/218      ( 0.5%) 
pakfile               [variable]      105675/0        ( 0.0%) 
physics               [variable]        6681/4194304  ( 0.2%) 
physics terrain       [variable]           2/1048576  ( 0.0%) 

Level flags = 0

Total triangle count: 488
Writing c:\users\usuario\desktop\nueva carpeta (4)\cs_unifranz.bsp
1 second elapsed
